
=== Tue Dec 29 11:22:30 2020

Packages were changed.
Update Mode: updateDependencies

The following packages were added:
  com.unity.ads@2.0.8
  com.unity.textmeshpro@1.3.0
  com.unity.package-manager-ui@2.0.7

=== Tue Dec 29 11:27:58 2020

Packages were changed.
Update Mode: updateDependencies

The following packages were added:
  com.unity.2d.sprite@1.0.0
  com.unity.2d.tilemap@1.0.0
  com.unity.ide.rider@1.2.1
  com.unity.ide.visualstudio@2.0.1
  com.unity.modules.androidjni@1.0.0
  com.unity.test-framework@1.1.14
  com.unity.ugui@1.0.0
  com.unity.xr.legacyinputhelpers@2.1.4
The following packages were updated:
  com.unity.addressables from version 1.1.10 to 1.8.4
  com.unity.ads from version 2.0.8 to 3.4.5
  com.unity.cinemachine from version 2.3.4 to 2.5.0
  com.unity.collab-proxy from version 1.2.16 to 1.3.7
  com.unity.ide.vscode from version 1.1.2 to 1.2.1
  com.unity.textmeshpro from version 1.3.0 to 3.0.0-preview.1
  com.unity.timeline from version 1.2.5 to 1.2.6
The following packages were removed:
  com.unity.package-manager-ui@2.0.7
